<?xml version="1.0" encoding="UTF-8"?>
<!-- Generated by org.testng.reporters.JUnitXMLReporter -->
<testsuite ignored="59" hostname="Rafa" failures="0" tests="1" name="Default test" time="8.239" errors="0" timestamp="2023-12-01T02:09:23 EST">
  <testcase classname="pagesTest.HomePageTest" name="clickLoginButtonTest" time="5.117"/>
  <testcase classname="pagesTest.HomePageTest" name="clickWrongNewUserIdTest" time="0.0">
    <ignored/>
  </testcase> <!-- clickWrongNewUserIdTest -->
  <testcase classname="pagesTest.HomePageTest" name="role6_use_of_cssSelector_as_locator_in_login_button" time="0.0">
    <ignored/>
  </testcase> <!-- role6_use_of_cssSelector_as_locator_in_login_button -->
  <testcase classname="pagesTest.HomePageTest" name="role4_use_of_cssSelector_as_locator_in_login_button" time="0.0">
    <ignored/>
  </testcase> <!-- role4_use_of_cssSelector_as_locator_in_login_button -->
  <testcase classname="pagesTest.HomePageTest" name="use_of_isDisplayed_in_logo_image" time="0.0">
    <ignored/>
  </testcase> <!-- use_of_isDisplayed_in_logo_image -->
  <testcase classname="pagesTest.HomePageTest" name="inputTextInUserIdAndPasswordFieldThenClickLoginButtonTest" time="0.0">
    <ignored/>
  </testcase> <!-- inputTextInUserIdAndPasswordFieldThenClickLoginButtonTest -->
  <testcase classname="pagesTest.HomePageTest" name="clickUserIdTest" time="0.0">
    <ignored/>
  </testcase> <!-- clickUserIdTest -->
  <testcase classname="pagesTest.HomePageTest" name="use_of_sendKeys_method_then_click_by_enter_key_of_the_laptop" time="0.0">
    <ignored/>
  </testcase> <!-- use_of_sendKeys_method_then_click_by_enter_key_of_the_laptop -->
  <testcase classname="pagesTest.HomePageTest" name="use_of_sendKeys_method_then_click_by_return_key_of_the_laptop" time="0.0">
    <ignored/>
  </testcase> <!-- use_of_sendKeys_method_then_click_by_return_key_of_the_laptop -->
  <testcase classname="pagesTest.HomePageTest" name="clickLogoTest" time="0.0">
    <ignored/>
  </testcase> <!-- clickLogoTest -->
  <testcase classname="pagesTest.HomePageTest" name="nullPointerExceptionTest" time="0.0">
    <ignored/>
  </testcase> <!-- nullPointerExceptionTest -->
  <testcase classname="pagesTest.HomePageTest" name="logoDisplayedTest03" time="0.0">
    <ignored/>
  </testcase> <!-- logoDisplayedTest03 -->
  <testcase classname="pagesTest.HomePageTest" name="role1_use_of_cssSelector_as_locator_in_new_user_registration_button" time="0.0">
    <ignored/>
  </testcase> <!-- role1_use_of_cssSelector_as_locator_in_new_user_registration_button -->
  <testcase classname="pagesTest.HomePageTest" name="use_of_xpath_as_locator_in_new_user_registration_button" time="0.0">
    <ignored/>
  </testcase> <!-- use_of_xpath_as_locator_in_new_user_registration_button -->
  <testcase classname="pagesTest.HomePageTest" name="homepageLoginButtonTest07" time="0.0">
    <ignored/>
  </testcase> <!-- homepageLoginButtonTest07 -->
  <testcase classname="pagesTest.HomePageTest" name="use_of_isSelected_in_check_box" time="0.0">
    <ignored/>
  </testcase> <!-- use_of_isSelected_in_check_box -->
  <testcase classname="pagesTest.HomePageTest" name="clickPasswordTest" time="0.0">
    <ignored/>
  </testcase> <!-- clickPasswordTest -->
  <testcase classname="pagesTest.HomePageTest" name="use_of_isSelected_in_radio_button" time="0.0">
    <ignored/>
  </testcase> <!-- use_of_isSelected_in_radio_button -->
  <testcase classname="pagesTest.HomePageTest" name="alternate_of_click_method_in_loginButtonTest04" time="0.0">
    <ignored/>
  </testcase> <!-- alternate_of_click_method_in_loginButtonTest04 -->
  <testcase classname="pagesTest.HomePageTest" name="set_a_specific_size_for_window" time="0.0">
    <ignored/>
  </testcase> <!-- set_a_specific_size_for_window -->
  <testcase classname="pagesTest.HomePageTest" name="role5_use_of_cssSelector_as_locator_in_login_button" time="0.0">
    <ignored/>
  </testcase> <!-- role5_use_of_cssSelector_as_locator_in_login_button -->
  <testcase classname="pagesTest.HomePageTest" name="use_of_mouse_hoverAction_on_ourLocations" time="0.0">
    <ignored/>
  </testcase> <!-- use_of_mouse_hoverAction_on_ourLocations -->
  <testcase classname="pagesTest.HomePageTest" name="use_of_getTitle_method_in_home_page" time="0.0">
    <ignored/>
  </testcase> <!-- use_of_getTitle_method_in_home_page -->
  <testcase classname="pagesTest.HomePageTest" name="use_of_getTitle_method01" time="0.0">
    <ignored/>
  </testcase> <!-- use_of_getTitle_method01 -->
  <testcase classname="pagesTest.HomePageTest" name="inputTextInUserIdFieldTest" time="0.0">
    <ignored/>
  </testcase> <!-- inputTextInUserIdFieldTest -->
  <testcase classname="pagesTest.HomePageTest" name="use_of_partialLinkText_as_locator_in_forgot_password_hyperlink" time="0.0">
    <ignored/>
  </testcase> <!-- use_of_partialLinkText_as_locator_in_forgot_password_hyperlink -->
  <testcase classname="pagesTest.HomePageTest" name="use_of_getTitle_method_with_assertion03" time="0.0">
    <ignored/>
  </testcase> <!-- use_of_getTitle_method_with_assertion03 -->
  <testcase classname="pagesTest.HomePageTest" name="logoDisplayedTest02" time="0.0">
    <ignored/>
  </testcase> <!-- logoDisplayedTest02 -->
  <testcase classname="pagesTest.HomePageTest" name="alternate_of_click_method_in_loginButtonTest01" time="0.0">
    <ignored/>
  </testcase> <!-- alternate_of_click_method_in_loginButtonTest01 -->
  <testcase classname="pagesTest.HomePageTest" name="use_of_sendKeys_method_then_clear" time="0.0">
    <ignored/>
  </testcase> <!-- use_of_sendKeys_method_then_clear -->
  <testcase classname="pagesTest.HomePageTest" name="homepageLoginButtonTest08" time="0.0">
    <ignored/>
  </testcase> <!-- homepageLoginButtonTest08 -->
  <testcase classname="pagesTest.HomePageTest" name="use_of_sendKeys_method_then_click01" time="0.0">
    <ignored/>
  </testcase> <!-- use_of_sendKeys_method_then_click01 -->
  <testcase classname="pagesTest.HomePageTest" name="homepageLoginButtonTest09" time="0.0">
    <ignored/>
  </testcase> <!-- homepageLoginButtonTest09 -->
  <testcase classname="pagesTest.HomePageTest" name="use_of_getTitle_method_with_assertion02" time="0.0">
    <ignored/>
  </testcase> <!-- use_of_getTitle_method_with_assertion02 -->
  <testcase classname="pagesTest.HomePageTest" name="clickNewUserRegistrationTest" time="0.0">
    <ignored/>
  </testcase> <!-- clickNewUserRegistrationTest -->
  <testcase classname="pagesTest.HomePageTest" name="logoDisplayedTest01" time="0.0">
    <ignored/>
  </testcase> <!-- logoDisplayedTest01 -->
  <testcase classname="pagesTest.HomePageTest" name="use_of_sendKeys_method_then_click" time="0.0">
    <ignored/>
  </testcase> <!-- use_of_sendKeys_method_then_click -->
  <testcase classname="pagesTest.HomePageTest" name="use_of_sendKeys_method_by_javascriptExecutor_then_click" time="0.0">
    <ignored/>
  </testcase> <!-- use_of_sendKeys_method_by_javascriptExecutor_then_click -->
  <testcase classname="pagesTest.HomePageTest" name="use_of_sendKeys_method_then_click02" time="0.0">
    <ignored/>
  </testcase> <!-- use_of_sendKeys_method_then_click02 -->
  <testcase classname="pagesTest.HomePageTest" name="use_of_getAttribute_method" time="0.0">
    <ignored/>
  </testcase> <!-- use_of_getAttribute_method -->
  <testcase classname="pagesTest.HomePageTest" name="alternate_of_click_method_in_loginButtonTest02" time="0.0">
    <ignored/>
  </testcase> <!-- alternate_of_click_method_in_loginButtonTest02 -->
  <testcase classname="pagesTest.HomePageTest" name="clickForgotUserIdTest" time="0.0">
    <ignored/>
  </testcase> <!-- clickForgotUserIdTest -->
  <testcase classname="pagesTest.HomePageTest" name="use_of_isEnabled_in_login_button02" time="0.0">
    <ignored/>
  </testcase> <!-- use_of_isEnabled_in_login_button02 -->
  <testcase classname="pagesTest.HomePageTest" name="use_of_click_method_in_loginButtonTest" time="0.0">
    <ignored/>
  </testcase> <!-- use_of_click_method_in_loginButtonTest -->
  <testcase classname="pagesTest.HomePageTest" name="alternate_of_click_method_using_userName_and_passWordField" time="0.0">
    <ignored/>
  </testcase> <!-- alternate_of_click_method_using_userName_and_passWordField -->
  <testcase classname="pagesTest.HomePageTest" name="use_of_isEnabled_in_login_button" time="0.0">
    <ignored/>
  </testcase> <!-- use_of_isEnabled_in_login_button -->
  <testcase classname="pagesTest.HomePageTest" name="use_of_getTitle_method_with_assertion01" time="0.0">
    <ignored/>
  </testcase> <!-- use_of_getTitle_method_with_assertion01 -->
  <testcase classname="pagesTest.HomePageTest" name="use_of_tagName_as_locator" time="0.0">
    <ignored/>
  </testcase> <!-- use_of_tagName_as_locator -->
  <testcase classname="pagesTest.HomePageTest" name="why_we_use_cssSelector_as_locator_in_logo" time="0.0">
    <ignored/>
  </testcase> <!-- why_we_use_cssSelector_as_locator_in_logo -->
  <testcase classname="pagesTest.HomePageTest" name="role3_use_of_cssSelector_as_locator_in_logo" time="0.0">
    <ignored/>
  </testcase> <!-- role3_use_of_cssSelector_as_locator_in_logo -->
  <testcase classname="pagesTest.HomePageTest" name="use_of_getText_method_in_login_button" time="0.0">
    <ignored/>
  </testcase> <!-- use_of_getText_method_in_login_button -->
  <testcase classname="pagesTest.HomePageTest" name="use_of_getCurrentURL_method" time="0.0">
    <ignored/>
  </testcase> <!-- use_of_getCurrentURL_method -->
  <testcase classname="pagesTest.HomePageTest" name="use_of_linkText_as_locator_in_forgot_user_id_hyperlink" time="0.0">
    <ignored/>
  </testcase> <!-- use_of_linkText_as_locator_in_forgot_user_id_hyperlink -->
  <testcase classname="pagesTest.HomePageTest" name="use_of_navigate_method" time="0.0">
    <ignored/>
  </testcase> <!-- use_of_navigate_method -->
  <testcase classname="pagesTest.HomePageTest" name="logoDisplayedTest04" time="0.0">
    <ignored/>
  </testcase> <!-- logoDisplayedTest04 -->
  <testcase classname="pagesTest.HomePageTest" name="clickUnlockTest" time="0.0">
    <ignored/>
  </testcase> <!-- clickUnlockTest -->
  <testcase classname="pagesTest.HomePageTest" name="use_of_set_script_timeout_for_window" time="0.0">
    <ignored/>
  </testcase> <!-- use_of_set_script_timeout_for_window -->
  <testcase classname="pagesTest.HomePageTest" name="homepageLoginButtonTest06" time="0.0">
    <ignored/>
  </testcase> <!-- homepageLoginButtonTest06 -->
  <testcase classname="pagesTest.HomePageTest" name="alternate_of_click_method_in_loginButtonTest03" time="0.0">
    <ignored/>
  </testcase> <!-- alternate_of_click_method_in_loginButtonTest03 -->
  <testcase classname="pagesTest.HomePageTest" name="role2_use_of_cssSelector_as_locator_in_login_button" time="0.0">
    <ignored/>
  </testcase> <!-- role2_use_of_cssSelector_as_locator_in_login_button -->
</testsuite> <!-- Default test -->
