<?xml version="1.0" encoding="UTF-8"?>
<testng-results ignored="0" total="1" passed="1" failed="0" skipped="0">
  <reporter-output>
  </reporter-output>
  <suite started-at="2023-12-01T02:09:14 EST" name="Default suite" finished-at="2023-12-01T02:09:23 EST" duration-ms="8239">
    <groups>
    </groups>
    <test started-at="2023-12-01T02:09:14 EST" name="Default test" finished-at="2023-12-01T02:09:23 EST" duration-ms="8239">
      <class name="pagesTest.HomePageTest">
        <test-method is-config="true" signature="setUP()[pri:0, instance:pagesTest.HomePageTest@3a7442c7]" started-at="2023-12-01T02:09:15 EST" name="setUP" finished-at="2023-12-01T02:09:17 EST" duration-ms="2933" status="PASS">
          <reporter-output>
          </reporter-output>
        </test-method> <!-- setUP -->
        <test-method signature="clickLoginButtonTest()[pri:0, instance:pagesTest.HomePageTest@3a7442c7]" started-at="2023-12-01T02:09:17 EST" name="clickLoginButtonTest" finished-at="2023-12-01T02:09:23 EST" duration-ms="5117" status="PASS">
          <reporter-output>
          </reporter-output>
        </test-method> <!-- clickLoginButtonTest -->
        <test-method is-config="true" signature="tearUp()[pri:0, instance:pagesTest.HomePageTest@3a7442c7]" started-at="2023-12-01T02:09:23 EST" name="tearUp" finished-at="2023-12-01T02:09:23 EST" duration-ms="145" status="PASS">
          <reporter-output>
          </reporter-output>
        </test-method> <!-- tearUp -->
      </class> <!-- pagesTest.HomePageTest -->
    </test> <!-- Default test -->
  </suite> <!-- Default suite -->
</testng-results>
